c:\users\p301478\documents\inf1005c\aut2014\20octobre2014\tableau\debug\vc120.pdb
c:\users\p301478\documents\inf1005c\aut2014\20octobre2014\tableau\debug\vc120.idb
c:\users\p301478\documents\inf1005c\aut2014\20octobre2014\tableau\debug\compteroccurence.obj
c:\users\p301478\documents\inf1005c\aut2014\20octobre2014\tableau\debug\fonctions.obj
c:\users\p301478\documents\inf1005c\aut2014\20octobre2014\debug\tableau.ilk
c:\users\p301478\documents\inf1005c\aut2014\20octobre2014\debug\tableau.exe
c:\users\p301478\documents\inf1005c\aut2014\20octobre2014\debug\tableau.pdb
c:\documents\dossiersvn\cours\inf1005c\aut2014\20octobre2014\tableau\debug\compteroccurence.obj
c:\documents\dossiersvn\cours\inf1005c\aut2014\20octobre2014\tableau\debug\fonctions.obj
c:\documents\dossiersvn\cours\inf1005c\aut2014\20octobre2014\tableau\debug\vc120.idb
c:\documents\dossiersvn\cours\inf1005c\aut2014\20octobre2014\tableau\debug\vc120.pdb
c:\documents\dossiersvn\cours\inf1005c\aut2014\20octobre2014\debug\tableau.pdb
c:\documents\dossiersvn\cours\inf1005c\aut2014\20octobre2014\debug\tableau.exe
c:\documents\dossiersvn\cours\inf1005c\aut2014\20octobre2014\debug\tableau.ilk
c:\documents\dossiersvn\cours\inf1005c\aut2014\20octobre2014\tableau\debug\tableau.tlog\cl.command.1.tlog
c:\documents\dossiersvn\cours\inf1005c\aut2014\20octobre2014\tableau\debug\tableau.tlog\cl.read.1.tlog
c:\documents\dossiersvn\cours\inf1005c\aut2014\20octobre2014\tableau\debug\tableau.tlog\cl.write.1.tlog
c:\documents\dossiersvn\cours\inf1005c\aut2014\20octobre2014\tableau\debug\tableau.tlog\link.command.1.tlog
c:\documents\dossiersvn\cours\inf1005c\aut2014\20octobre2014\tableau\debug\tableau.tlog\link.read.1.tlog
c:\documents\dossiersvn\cours\inf1005c\aut2014\20octobre2014\tableau\debug\tableau.tlog\link.write.1.tlog
